<?xml version="1.0" encoding="UTF-8"?>
<!-- Generated by org.testng.reporters.JUnitReportReporter -->
<testsuite skipped="0" hostname="DESKTOP-BV5IUMI" name="mavenGroupId.mavenArtifactID.DemoforMaven" tests="1" failures="0" timestamp="11 May 2018 06:31:11 GMT" time="0.013" errors="0">
  <testcase name="testHello" time="0.013" classname="mavenGroupId.mavenArtifactID.DemoforMaven"/>
</testsuite> <!-- mavenGroupId.mavenArtifactID.DemoforMaven -->
